android/app/build/intermediates/manifest_merge_blame_file/debug/manifest-merger-blame-debug-report.txt
1<?xml version="1.0" encoding="utf-8"?>
2<manifest xmlns:android="http://schemas.android.com/apk/res/android"
3    package="com.awesomeproject"
4    android:versionCode="1"
5    android:versionName="1.0" >
6
7    <uses-sdk
8        android:minSdkVersion="21"
9        android:targetSdkVersion="29" />
10
11    <uses-permission android:name="android.permission.SYSTEM_ALERT_WINDOW" />
11-->src/debug/AndroidManifest.xml:5:5-77
11-->src/debug/AndroidManifest.xml:5:22-75
12    <uses-permission android:name="android.permission.INTERNET" /> <!-- Recommended so that CleverTap knows when to attempt a network call -->
12-->src/main/AndroidManifest.xml:4:5-67
12-->src/main/AndroidManifest.xml:4:22-64
13    <uses-permission android:name="android.permission.ACCESS_NETWORK_STATE" />
13-->src/main/AndroidManifest.xml:6:5-78
13-->src/main/AndroidManifest.xml:6:22-76
14    <uses-permission android:name="android.permission.ACCESS_WIFI_STATE" />
14-->[com.facebook.flipper:flipper:0.75.1] AndroidManifest.xml:16:5-76
14-->[com.facebook.flipper:flipper:0.75.1] AndroidManifest.xml:16:22-73
15    <uses-permission android:name="android.permission.WAKE_LOCK" /> <!-- Required by older versions of Google Play services to create IID tokens -->
15-->[com.google.firebase:firebase-iid:21.0.1] AndroidManifest.xml:24:5-68
15-->[com.google.firebase:firebase-iid:21.0.1] AndroidManifest.xml:24:22-65
16    <uses-permission android:name="com.google.android.c2dm.permission.RECEIVE" />
16-->[com.google.firebase:firebase-iid:21.0.1] AndroidManifest.xml:26:5-82
16-->[com.google.firebase:firebase-iid:21.0.1] AndroidManifest.xml:26:22-79
17    <uses-permission android:name="com.google.android.finsky.permission.BIND_GET_INSTALL_REFERRER_SERVICE" />
17-->[com.android.installreferrer:installreferrer:2.2] AndroidManifest.xml:9:5-110
17-->[com.android.installreferrer:installreferrer:2.2] AndroidManifest.xml:9:22-107
18
19    <application
19-->src/main/AndroidManifest.xml:8:5-40:19
20        android:name="com.awesomeproject.MainApplication"
20-->src/main/AndroidManifest.xml:9:7-38
21        android:allowBackup="false"
21-->src/main/AndroidManifest.xml:13:7-34
22        android:appComponentFactory="androidx.core.app.CoreComponentFactory"
22-->[androidx.core:core:1.3.0] AndroidManifest.xml:24:18-86
23        android:debuggable="true"
24        android:icon="@mipmap/ic_launcher"
24-->src/main/AndroidManifest.xml:11:7-41
25        android:label="AwesomeProject"
25-->src/main/AndroidManifest.xml:10:7-37
26        android:roundIcon="@mipmap/ic_launcher_round"
26-->src/main/AndroidManifest.xml:12:7-52
27        android:theme="@style/AppTheme"
27-->src/main/AndroidManifest.xml:14:7-38
28        android:usesCleartextTraffic="true" >
28-->src/debug/AndroidManifest.xml:8:9-44
29        <activity android:name="com.facebook.react.devsupport.DevSettingsActivity" />
29-->src/debug/AndroidManifest.xml:11:9-86
29-->src/debug/AndroidManifest.xml:11:19-83
30
31        <service android:name="com.awesomeproject.MyFirebaseMessagingService" >
31-->src/main/AndroidManifest.xml:15:9-19:19
31-->src/main/AndroidManifest.xml:15:18-60
32            <intent-filter>
32-->src/main/AndroidManifest.xml:16:13-18:29
33                <action android:name="com.google.firebase.MESSAGING_EVENT" />
33-->src/main/AndroidManifest.xml:17:17-77
33-->src/main/AndroidManifest.xml:17:25-75
34            </intent-filter>
35        </service>
36
37        <meta-data
37-->src/main/AndroidManifest.xml:20:9-22:48
38            android:name="CLEVERTAP_ACCOUNT_ID"
38-->src/main/AndroidManifest.xml:21:13-48
39            android:value="TEST-RZ7-Z94-K95Z" />
39-->src/main/AndroidManifest.xml:22:13-46
40        <meta-data
40-->src/main/AndroidManifest.xml:23:9-25:43
41            android:name="CLEVERTAP_TOKEN"
41-->src/main/AndroidManifest.xml:24:13-43
42            android:value="TEST-4c1-a12" />
42-->src/main/AndroidManifest.xml:25:13-41
43        <meta-data
43-->src/main/AndroidManifest.xml:26:9-28:32
44            android:name="CLEVERTAP_USE_GOOGLE_AD_ID"
44-->src/main/AndroidManifest.xml:27:13-54
45            android:value="1" />
45-->src/main/AndroidManifest.xml:28:13-30
46
47        <activity
47-->src/main/AndroidManifest.xml:29:7-39:18
48            android:name="com.awesomeproject.MainActivity"
48-->src/main/AndroidManifest.xml:30:9-37
49            android:configChanges="keyboard|keyboardHidden|orientation|screenSize|uiMode"
49-->src/main/AndroidManifest.xml:32:9-86
50            android:label="@string/app_name"
50-->src/main/AndroidManifest.xml:31:9-41
51            android:launchMode="singleTask"
51-->src/main/AndroidManifest.xml:33:9-40
52            android:windowSoftInputMode="adjustResize" >
52-->src/main/AndroidManifest.xml:34:9-51
53            <intent-filter>
53-->src/main/AndroidManifest.xml:35:9-38:25
54                <action android:name="android.intent.action.MAIN" />
54-->src/main/AndroidManifest.xml:36:13-65
54-->src/main/AndroidManifest.xml:36:21-62
55
56                <category android:name="android.intent.category.LAUNCHER" />
56-->src/main/AndroidManifest.xml:37:13-73
56-->src/main/AndroidManifest.xml:37:23-70
57            </intent-filter>
58        </activity>
59        <activity
59-->[com.clevertap.android:clevertap-android-sdk:4.0.0] AndroidManifest.xml:12:9-15:75
60            android:name="com.clevertap.android.sdk.InAppNotificationActivity"
60-->[com.clevertap.android:clevertap-android-sdk:4.0.0] AndroidManifest.xml:13:13-79
61            android:configChanges="keyboardHidden"
61-->[com.clevertap.android:clevertap-android-sdk:4.0.0] AndroidManifest.xml:14:13-51
62            android:theme="@android:style/Theme.Translucent.NoTitleBar" />
62-->[com.clevertap.android:clevertap-android-sdk:4.0.0] AndroidManifest.xml:15:13-72
63        <activity
63-->[com.clevertap.android:clevertap-android-sdk:4.0.0] AndroidManifest.xml:16:9-19:77
64            android:name="com.clevertap.android.sdk.CTInboxActivity"
64-->[com.clevertap.android:clevertap-android-sdk:4.0.0] AndroidManifest.xml:17:13-69
65            android:configChanges="keyboardHidden"
65-->[com.clevertap.android:clevertap-android-sdk:4.0.0] AndroidManifest.xml:18:13-51
66            android:theme="@style/Theme.AppCompat.DayNight.DarkActionBar" />
66-->[com.clevertap.android:clevertap-android-sdk:4.0.0] AndroidManifest.xml:19:13-74
67
68        <receiver
68-->[com.clevertap.android:clevertap-android-sdk:4.0.0] AndroidManifest.xml:21:9-24:40
69            android:name="com.clevertap.android.sdk.pushnotification.CTPushNotificationReceiver"
69-->[com.clevertap.android:clevertap-android-sdk:4.0.0] AndroidManifest.xml:22:13-97
70            android:enabled="true"
70-->[com.clevertap.android:clevertap-android-sdk:4.0.0] AndroidManifest.xml:23:13-35
71            android:exported="false" />
71-->[com.clevertap.android:clevertap-android-sdk:4.0.0] AndroidManifest.xml:24:13-37
72
73        <service
73-->[com.clevertap.android:clevertap-android-sdk:4.0.0] AndroidManifest.xml:26:9-33:19
74            android:name="com.clevertap.android.sdk.pushnotification.amp.CTBackgroundIntentService"
74-->[com.clevertap.android:clevertap-android-sdk:4.0.0] AndroidManifest.xml:27:13-100
75            android:exported="false"
75-->[com.clevertap.android:clevertap-android-sdk:4.0.0] AndroidManifest.xml:28:13-37
76            android:permission="android.permission.BIND_JOB_SERVICE" >
76-->[com.clevertap.android:clevertap-android-sdk:4.0.0] AndroidManifest.xml:29:13-69
77            <intent-filter>
77-->[com.clevertap.android:clevertap-android-sdk:4.0.0] AndroidManifest.xml:30:13-32:29
78                <action android:name="com.clevertap.BG_EVENT" />
78-->[com.clevertap.android:clevertap-android-sdk:4.0.0] AndroidManifest.xml:31:17-65
78-->[com.clevertap.android:clevertap-android-sdk:4.0.0] AndroidManifest.xml:31:25-62
79            </intent-filter>
80        </service>
81        <service
81-->[com.clevertap.android:clevertap-android-sdk:4.0.0] AndroidManifest.xml:34:9-37:72
82            android:name="com.clevertap.android.sdk.pushnotification.amp.CTBackgroundJobService"
82-->[com.clevertap.android:clevertap-android-sdk:4.0.0] AndroidManifest.xml:35:13-97
83            android:exported="false"
83-->[com.clevertap.android:clevertap-android-sdk:4.0.0] AndroidManifest.xml:36:13-37
84            android:permission="android.permission.BIND_JOB_SERVICE" />
84-->[com.clevertap.android:clevertap-android-sdk:4.0.0] AndroidManifest.xml:37:13-69
85        <!--
86             FirebaseMessagingService performs security checks at runtime,
87             but set to not exported to explicitly avoid allowing another app to call it.
88        -->
89        <service
89-->[com.google.firebase:firebase-messaging:21.0.1] AndroidManifest.xml:28:9-35:19
90            android:name="com.google.firebase.messaging.FirebaseMessagingService"
90-->[com.google.firebase:firebase-messaging:21.0.1] AndroidManifest.xml:29:13-82
91            android:directBootAware="true"
91-->[com.google.firebase:firebase-messaging:21.0.1] AndroidManifest.xml:30:13-43
92            android:exported="false" >
92-->[com.google.firebase:firebase-messaging:21.0.1] AndroidManifest.xml:31:13-37
93            <intent-filter android:priority="-500" >
93-->src/main/AndroidManifest.xml:16:13-18:29
94                <action android:name="com.google.firebase.MESSAGING_EVENT" />
94-->src/main/AndroidManifest.xml:17:17-77
94-->src/main/AndroidManifest.xml:17:25-75
95            </intent-filter>
96        </service>
97        <service
97-->[com.google.firebase:firebase-messaging:21.0.1] AndroidManifest.xml:36:9-42:19
98            android:name="com.google.firebase.components.ComponentDiscoveryService"
98-->[com.google.firebase:firebase-messaging:21.0.1] AndroidManifest.xml:37:13-84
99            android:directBootAware="true"
99-->[com.google.firebase:firebase-common:19.5.0] AndroidManifest.xml:35:13-43
100            android:exported="false" >
100-->[com.google.firebase:firebase-messaging:21.0.1] AndroidManifest.xml:38:13-37
101            <meta-data
101-->[com.google.firebase:firebase-messaging:21.0.1] AndroidManifest.xml:39:13-41:85
102                android:name="com.google.firebase.components:com.google.firebase.messaging.FirebaseMessagingRegistrar"
102-->[com.google.firebase:firebase-messaging:21.0.1] AndroidManifest.xml:40:17-119
103                android:value="com.google.firebase.components.ComponentRegistrar" />
103-->[com.google.firebase:firebase-messaging:21.0.1] AndroidManifest.xml:41:17-82
104            <meta-data
104-->[com.google.firebase:firebase-iid:21.0.1] AndroidManifest.xml:32:13-34:85
105                android:name="com.google.firebase.components:com.google.firebase.iid.Registrar"
105-->[com.google.firebase:firebase-iid:21.0.1] AndroidManifest.xml:33:17-96
106                android:value="com.google.firebase.components.ComponentRegistrar" />
106-->[com.google.firebase:firebase-iid:21.0.1] AndroidManifest.xml:34:17-82
107            <meta-data
107-->[com.google.firebase:firebase-datatransport:17.0.10] AndroidManifest.xml:28:13-30:85
108                android:name="com.google.firebase.components:com.google.firebase.datatransport.TransportRegistrar"
108-->[com.google.firebase:firebase-datatransport:17.0.10] AndroidManifest.xml:29:17-115
109                android:value="com.google.firebase.components.ComponentRegistrar" />
109-->[com.google.firebase:firebase-datatransport:17.0.10] AndroidManifest.xml:30:17-82
110            <meta-data
110-->[com.google.android.gms:play-services-measurement-api:18.0.2] AndroidManifest.xml:30:13-32:85
111                android:name="com.google.firebase.components:com.google.firebase.analytics.connector.internal.AnalyticsConnectorRegistrar"
111-->[com.google.android.gms:play-services-measurement-api:18.0.2] AndroidManifest.xml:31:17-139
112                android:value="com.google.firebase.components.ComponentRegistrar" />
112-->[com.google.android.gms:play-services-measurement-api:18.0.2] AndroidManifest.xml:32:17-82
113            <meta-data
113-->[com.google.firebase:firebase-installations:16.3.5] AndroidManifest.xml:18:13-20:85
114                android:name="com.google.firebase.components:com.google.firebase.installations.FirebaseInstallationsRegistrar"
114-->[com.google.firebase:firebase-installations:16.3.5] AndroidManifest.xml:19:17-127
115                android:value="com.google.firebase.components.ComponentRegistrar" />
115-->[com.google.firebase:firebase-installations:16.3.5] AndroidManifest.xml:20:17-82
116            <!--
117                This registrar is not defined in the dynamic-module-support sdk itself to allow non-firebase
118                clients to use it as well, by defining this registrar in their own core/common library.
119            -->
120            <meta-data
120-->[com.google.firebase:firebase-common:19.5.0] AndroidManifest.xml:43:13-45:85
121                android:name="com.google.firebase.components:com.google.firebase.dynamicloading.DynamicLoadingRegistrar"
121-->[com.google.firebase:firebase-common:19.5.0] AndroidManifest.xml:44:17-121
122                android:value="com.google.firebase.components.ComponentRegistrar" />
122-->[com.google.firebase:firebase-common:19.5.0] AndroidManifest.xml:45:17-82
123        </service>
124
125        <receiver
125-->[com.google.firebase:firebase-iid:21.0.1] AndroidManifest.xml:37:9-44:20
126            android:name="com.google.firebase.iid.FirebaseInstanceIdReceiver"
126-->[com.google.firebase:firebase-iid:21.0.1] AndroidManifest.xml:38:13-78
127            android:exported="true"
127-->[com.google.firebase:firebase-iid:21.0.1] AndroidManifest.xml:39:13-36
128            android:permission="com.google.android.c2dm.permission.SEND" >
128-->[com.google.firebase:firebase-iid:21.0.1] AndroidManifest.xml:40:13-73
129            <intent-filter>
129-->[com.google.firebase:firebase-iid:21.0.1] AndroidManifest.xml:41:13-43:29
130                <action android:name="com.google.android.c2dm.intent.RECEIVE" />
130-->[com.google.firebase:firebase-iid:21.0.1] AndroidManifest.xml:42:17-81
130-->[com.google.firebase:firebase-iid:21.0.1] AndroidManifest.xml:42:25-78
131            </intent-filter>
132        </receiver>
133
134        <activity
134-->[com.google.android.gms:play-services-base:17.6.0] AndroidManifest.xml:23:9-26:75
135            android:name="com.google.android.gms.common.api.GoogleApiActivity"
135-->[com.google.android.gms:play-services-base:17.6.0] AndroidManifest.xml:24:13-79
136            android:exported="false"
136-->[com.google.android.gms:play-services-base:17.6.0] AndroidManifest.xml:25:13-37
137            android:theme="@android:style/Theme.Translucent.NoTitleBar" />
137-->[com.google.android.gms:play-services-base:17.6.0] AndroidManifest.xml:26:13-72
138
139        <service
139-->[com.google.android.datatransport:transport-backend-cct:2.3.3] AndroidManifest.xml:29:9-35:19
140            android:name="com.google.android.datatransport.runtime.backends.TransportBackendDiscovery"
140-->[com.google.android.datatransport:transport-backend-cct:2.3.3] AndroidManifest.xml:30:13-103
141            android:exported="false" >
141-->[com.google.android.datatransport:transport-backend-cct:2.3.3] AndroidManifest.xml:31:13-37
142            <meta-data
142-->[com.google.android.datatransport:transport-backend-cct:2.3.3] AndroidManifest.xml:32:13-34:39
143                android:name="backend:com.google.android.datatransport.cct.CctBackendFactory"
143-->[com.google.android.datatransport:transport-backend-cct:2.3.3] AndroidManifest.xml:33:17-94
144                android:value="cct" />
144-->[com.google.android.datatransport:transport-backend-cct:2.3.3] AndroidManifest.xml:34:17-36
145        </service>
146
147        <provider
147-->[com.google.firebase:firebase-common:19.5.0] AndroidManifest.xml:26:9-31:39
148            android:name="com.google.firebase.provider.FirebaseInitProvider"
148-->[com.google.firebase:firebase-common:19.5.0] AndroidManifest.xml:27:13-77
149            android:authorities="com.awesomeproject.firebaseinitprovider"
149-->[com.google.firebase:firebase-common:19.5.0] AndroidManifest.xml:28:13-72
150            android:directBootAware="true"
150-->[com.google.firebase:firebase-common:19.5.0] AndroidManifest.xml:29:13-43
151            android:exported="false"
151-->[com.google.firebase:firebase-common:19.5.0] AndroidManifest.xml:30:13-37
152            android:initOrder="100" />
152-->[com.google.firebase:firebase-common:19.5.0] AndroidManifest.xml:31:13-36
153
154        <service
154-->[com.google.android.datatransport:transport-runtime:2.2.5] AndroidManifest.xml:26:9-30:19
155            android:name="com.google.android.datatransport.runtime.scheduling.jobscheduling.JobInfoSchedulerService"
155-->[com.google.android.datatransport:transport-runtime:2.2.5] AndroidManifest.xml:27:13-117
156            android:exported="false"
156-->[com.google.android.datatransport:transport-runtime:2.2.5] AndroidManifest.xml:28:13-37
157            android:permission="android.permission.BIND_JOB_SERVICE" >
157-->[com.google.android.datatransport:transport-runtime:2.2.5] AndroidManifest.xml:29:13-69
158        </service>
159
160        <receiver
160-->[com.google.android.datatransport:transport-runtime:2.2.5] AndroidManifest.xml:32:9-34:40
161            android:name="com.google.android.datatransport.runtime.scheduling.jobscheduling.AlarmManagerSchedulerBroadcastReceiver"
161-->[com.google.android.datatransport:transport-runtime:2.2.5] AndroidManifest.xml:33:13-132
162            android:exported="false" />
162-->[com.google.android.datatransport:transport-runtime:2.2.5] AndroidManifest.xml:34:13-37
163        <receiver
163-->[com.google.android.gms:play-services-measurement:18.0.2] AndroidManifest.xml:29:9-33:20
164            android:name="com.google.android.gms.measurement.AppMeasurementReceiver"
164-->[com.google.android.gms:play-services-measurement:18.0.2] AndroidManifest.xml:30:13-85
165            android:enabled="true"
165-->[com.google.android.gms:play-services-measurement:18.0.2] AndroidManifest.xml:31:13-35
166            android:exported="false" >
166-->[com.google.android.gms:play-services-measurement:18.0.2] AndroidManifest.xml:32:13-37
167        </receiver>
168
169        <service
169-->[com.google.android.gms:play-services-measurement:18.0.2] AndroidManifest.xml:35:9-38:40
170            android:name="com.google.android.gms.measurement.AppMeasurementService"
170-->[com.google.android.gms:play-services-measurement:18.0.2] AndroidManifest.xml:36:13-84
171            android:enabled="true"
171-->[com.google.android.gms:play-services-measurement:18.0.2] AndroidManifest.xml:37:13-35
172            android:exported="false" />
172-->[com.google.android.gms:play-services-measurement:18.0.2] AndroidManifest.xml:38:13-37
173        <service
173-->[com.google.android.gms:play-services-measurement:18.0.2] AndroidManifest.xml:39:9-43:72
174            android:name="com.google.android.gms.measurement.AppMeasurementJobService"
174-->[com.google.android.gms:play-services-measurement:18.0.2] AndroidManifest.xml:40:13-87
175            android:enabled="true"
175-->[com.google.android.gms:play-services-measurement:18.0.2] AndroidManifest.xml:41:13-35
176            android:exported="false"
176-->[com.google.android.gms:play-services-measurement:18.0.2] AndroidManifest.xml:42:13-37
177            android:permission="android.permission.BIND_JOB_SERVICE" />
177-->[com.google.android.gms:play-services-measurement:18.0.2] AndroidManifest.xml:43:13-69
178
179        <meta-data
179-->[com.google.android.gms:play-services-basement:17.6.0] AndroidManifest.xml:23:9-25:69
180            android:name="com.google.android.gms.version"
180-->[com.google.android.gms:play-services-basement:17.6.0] AndroidManifest.xml:24:13-58
181            android:value="@integer/google_play_services_version" />
181-->[com.google.android.gms:play-services-basement:17.6.0] AndroidManifest.xml:25:13-66
182    </application>
183
184</manifest>